Using pre-set license
Built from '2023.1/staging' branch; Version is '2023.1.16f1 (e5ad54273a6f) revision 15052116'; Using compiler version '192829333'; Build Type 'Release'
OS: 'Windows 11  (10.0.22621) 64bit Professional' Language: 'en' Physical Memory: 32635 MB
BatchMode: 1, IsHumanControllingUs: 0, StartBugReporterOnCrash: 0, Is64bit: 1, IsPro: 1

COMMAND LINE ARGUMENTS:
C:\Program Files\Unity\Hub\Editor\2023.1.16f1\Editor\Unity.exe
-adb2
-batchMode
-noUpm
-name
AssetImportWorker0
-projectPath
D:/UnityProjects/VinesTest
-logFile
Logs/AssetImportWorker0.log
-srvPort
52156
Successfully changed project path to: D:/UnityProjects/VinesTest
D:/UnityProjects/VinesTest
[UnityMemory] Configuration Parameters - Can be set up in boot.config
    "memorysetup-bucket-allocator-granularity=16"
    "memorysetup-bucket-allocator-bucket-count=8"
    "memorysetup-bucket-allocator-block-size=33554432"
    "memorysetup-bucket-allocator-block-count=8"
    "memorysetup-main-allocator-block-size=16777216"
    "memorysetup-thread-allocator-block-size=16777216"
    "memorysetup-gfx-main-allocator-block-size=16777216"
    "memorysetup-gfx-thread-allocator-block-size=16777216"
    "memorysetup-cache-allocator-block-size=4194304"
    "memorysetup-typetree-allocator-block-size=2097152"
    "memorysetup-profiler-bucket-allocator-granularity=16"
    "memorysetup-profiler-bucket-allocator-bucket-count=8"
    "memorysetup-profiler-bucket-allocator-block-size=33554432"
    "memorysetup-profiler-bucket-allocator-block-count=8"
    "memorysetup-profiler-allocator-block-size=16777216"
    "memorysetup-profiler-editor-allocator-block-size=1048576"
    "memorysetup-temp-allocator-size-main=16777216"
    "memorysetup-job-temp-allocator-block-size=2097152"
    "memorysetup-job-temp-allocator-block-size-background=1048576"
    "memorysetup-job-temp-allocator-reduction-small-platforms=262144"
    "memorysetup-allocator-temp-initial-block-size-main=262144"
    "memorysetup-allocator-temp-initial-block-size-worker=262144"
    "memorysetup-temp-allocator-size-background-worker=32768"
    "memorysetup-temp-allocator-size-job-worker=262144"
    "memorysetup-temp-allocator-size-preload-manager=33554432"
    "memorysetup-temp-allocator-size-nav-mesh-worker=65536"
    "memorysetup-temp-allocator-size-audio-worker=65536"
    "memorysetup-temp-allocator-size-cloud-worker=32768"
    "memorysetup-temp-allocator-size-gi-baking-worker=262144"
    "memorysetup-temp-allocator-size-gfx=262144"
Player connection [14072] Host "[IP] 192.168.0.137 [Port] 0 [Flags] 2 [Guid] 3827550889 [EditorId] 3827550889 [Version] 1048832 [Id] WindowsEditor(7,DESKTOP-PM2DLMS) [Debug] 1 [PackageName] WindowsEditor [ProjectName] Editor" joined multi-casting on [225.0.0.222:54997]...

Player connection [14072] Host "[IP] 192.168.0.137 [Port] 0 [Flags] 2 [Guid] 3827550889 [EditorId] 3827550889 [Version] 1048832 [Id] WindowsEditor(7,DESKTOP-PM2DLMS) [Debug] 1 [PackageName] WindowsEditor [ProjectName] Editor" joined alternative multi-casting on [225.0.0.222:34997]...

[Physics::Module] Initialized MultithreadedJobDispatcher with 11 workers.
Library Redirect Path: Library/Refreshing native plugins compatible for Editor in 70.29 ms, found 3 plugins.
Preloading 0 native plugins for Editor in 0.00 ms.
Initialize engine version: 2023.1.16f1 (e5ad54273a6f)
[Subsystems] Discovering subsystems at path C:/Program Files/Unity/Hub/Editor/2023.1.16f1/Editor/Data/Resources/UnitySubsystems
[Subsystems] Discovering subsystems at path D:/UnityProjects/VinesTest/Assets
GfxDevice: creating device client; threaded=0; jobified=0
Direct3D:
    Version:  Direct3D 11.0 [level 11.1]
    Renderer: NVIDIA GeForce RTX 2060 (ID=0x1f15)
    Vendor:   NVIDIA
    VRAM:     5980 MB
    Driver:   31.0.15.1700
Initialize mono
Mono path[0] = 'C:/Program Files/Unity/Hub/Editor/2023.1.16f1/Editor/Data/Managed'
Mono path[1] = 'C:/Program Files/Unity/Hub/Editor/2023.1.16f1/Editor/Data/MonoBleedingEdge/lib/mono/unityjit-win32'
Mono config path = 'C:/Program Files/Unity/Hub/Editor/2023.1.16f1/Editor/Data/MonoBleedingEdge/etc'
Using monoOptions --debugger-agent=transport=dt_socket,embedding=1,server=y,suspend=n,address=127.0.0.1:56944
Begin MonoManager ReloadAssembly
C:\build\output\Unity-Technologies\mono\mono\metadata\icall.c:1842:
C:\build\output\Unity-Technologies\mono\mono\metadata\icall.c:1842:
C:\build\output\Unity-Technologies\mono\mono\metadata\icall.c:1842:
C:\build\output\Unity-Technologies\mono\mono\metadata\icall.c:1842:
C:\build\output\Unity-Technologies\mono\mono\metadata\icall.c:1842:
C:\build\output\Unity-Technologies\mono\mono\metadata\icall.c:1842:
C:\build\output\Unity-Technologies\mono\mono\metadata\icall.c:1842:
C:\build\output\Unity-Technologies\mono\mono\metadata\icall.c:1842:
C:\build\output\Unity-Technologies\mono\mono\metadata\icall.c:1842:
C:\build\output\Unity-Technologies\mono\mono\metadata\icall.c:1842:
Registering precompiled unity dll's ...
Register platform support module: C:/Program Files/Unity/Hub/Editor/2023.1.16f1/Editor/Data/PlaybackEngines/WebGLSupport/UnityEditor.WebGL.Extensions.dll
Register platform support module: C:/Program Files/Unity/Hub/Editor/2023.1.16f1/Editor/Data/PlaybackEngines/WindowsStandaloneSupport/UnityEditor.WindowsStandalone.Extensions.dll
Registered in 0.004996 seconds.
- Loaded All Assemblies, in  0.805 seconds
Native extension for WindowsStandalone target not found
Native extension for WebGL target not found
Mono: successfully reloaded assembly
C:\build\output\Unity-Technologies\mono\mono\metadata\icall.c:1842:
C:\build\output\Unity-Technologies\mono\mono\metadata\icall.c:1842:
- Finished resetting the current domain, in  0.291 seconds
Domain Reload Profiling: 1094ms
	BeginReloadAssembly (125ms)
		ExecutionOrderSort (0ms)
		DisableScriptedObjects (0ms)
		BackupInstance (0ms)
		ReleaseScriptingObjects (0ms)
		CreateAndSetChildDomain (1ms)
	RebuildCommonClasses (182ms)
	RebuildNativeTypeToScriptingClass (12ms)
	initialDomainReloadingComplete (55ms)
	LoadAllAssembliesAndSetupDomain (429ms)
		LoadAssemblies (123ms)
		RebuildTransferFunctionScriptingTraits (0ms)
		AnalyzeDomain (424ms)
			TypeCache.Refresh (422ms)
				TypeCache.ScanAssembly (331ms)
			ScanForSourceGeneratedMonoScriptInfo (0ms)
			ResolveRequiredComponents (1ms)
	FinalizeReload (292ms)
		ReleaseScriptCaches (0ms)
		RebuildScriptCaches (0ms)
		SetupLoadedEditorAssemblies (247ms)
			LogAssemblyErrors (0ms)
			InitializePlatformSupportModulesInManaged (9ms)
			SetLoadedEditorAssemblies (5ms)
			BeforeProcessingInitializeOnLoad (7ms)
			ProcessInitializeOnLoadAttributes (166ms)
			ProcessInitializeOnLoadMethodAttributes (60ms)
			AfterProcessingInitializeOnLoad (0ms)
			EditorAssembliesLoaded (0ms)
		ExecutionOrderSort2 (0ms)
		AwakeInstancesAfterBackupRestoration (0ms)
========================================================================
Worker process is ready to serve import requests
Import Worker Mode flag is 0x00
Begin MonoManager ReloadAssembly
C:\build\output\Unity-Technologies\mono\mono\metadata\icall.c:1842:
C:\build\output\Unity-Technologies\mono\mono\metadata\icall.c:1842:
C:\build\output\Unity-Technologies\mono\mono\metadata\icall.c:1842:
C:\build\output\Unity-Technologies\mono\mono\metadata\icall.c:1842:
C:\build\output\Unity-Technologies\mono\mono\metadata\icall.c:1842:
C:\build\output\Unity-Technologies\mono\mono\metadata\icall.c:1842:
C:\build\output\Unity-Technologies\mono\mono\metadata\icall.c:1842:
C:\build\output\Unity-Technologies\mono\mono\metadata\icall.c:1842:
C:\build\output\Unity-Technologies\mono\mono\metadata\icall.c:1842:
C:\build\output\Unity-Technologies\mono\mono\metadata\icall.c:1842:
C:\build\output\Unity-Technologies\mono\mono\metadata\icall.c:1842:
C:\build\output\Unity-Technologies\mono\mono\metadata\icall.c:1842:
Symbol file LoadedFromMemory doesn't match image D:\UnityProjects\VinesTest\Library\PackageCache\com.unity.visualscripting@1.8.0\Editor\VisualScripting.Core\Dependencies\YamlDotNet\Unity.VisualScripting.YamlDotNet.dll
Symbol file LoadedFromMemory doesn't match image D:\UnityProjects\VinesTest\Library\PackageCache\com.unity.visualscripting@1.8.0\Editor\VisualScripting.Core\Dependencies\DotNetZip\Unity.VisualScripting.IonicZip.dll
- Loaded All Assemblies, in  0.947 seconds
Refreshing native plugins compatible for Editor in 1.45 ms, found 3 plugins.
Native extension for WindowsStandalone target not found
Native extension for WebGL target not found
Mono: successfully reloaded assembly
- Finished resetting the current domain, in  0.649 seconds
Domain Reload Profiling: 1595ms
	BeginReloadAssembly (320ms)
		ExecutionOrderSort (0ms)
		DisableScriptedObjects (7ms)
		BackupInstance (0ms)
		ReleaseScriptingObjects (0ms)
		CreateAndSetChildDomain (36ms)
	RebuildCommonClasses (38ms)
	RebuildNativeTypeToScriptingClass (12ms)
	initialDomainReloadingComplete (39ms)
	LoadAllAssembliesAndSetupDomain (536ms)
		LoadAssemblies (292ms)
		RebuildTransferFunctionScriptingTraits (0ms)
		AnalyzeDomain (343ms)
			TypeCache.Refresh (325ms)
				TypeCache.ScanAssembly (312ms)
			ScanForSourceGeneratedMonoScriptInfo (13ms)
			ResolveRequiredComponents (4ms)
	FinalizeReload (650ms)
		ReleaseScriptCaches (0ms)
		RebuildScriptCaches (0ms)
		SetupLoadedEditorAssemblies (428ms)
			LogAssemblyErrors (0ms)
			InitializePlatformSupportModulesInManaged (9ms)
			SetLoadedEditorAssemblies (4ms)
			BeforeProcessingInitializeOnLoad (77ms)
			ProcessInitializeOnLoadAttributes (308ms)
			ProcessInitializeOnLoadMethodAttributes (27ms)
			AfterProcessingInitializeOnLoad (4ms)
			EditorAssembliesLoaded (0ms)
		ExecutionOrderSort2 (0ms)
		AwakeInstancesAfterBackupRestoration (6ms)
Launched and connected shader compiler UnityShaderCompiler.exe after 0.01 seconds
Refreshing native plugins compatible for Editor in 2.00 ms, found 3 plugins.
Preloading 0 native plugins for Editor in 0.00 ms.
Unloading 3136 Unused Serialized files (Serialized files now loaded: 0)
Unloading 32 unused Assets / (53.0 KB). Loaded Objects now: 3674.
Memory consumption went from 125.3 MB to 125.2 MB.
Total: 6.317900 ms (FindLiveObjects: 0.249600 ms CreateObjectMapping: 0.260200 ms MarkObjects: 5.693300 ms  DeleteObjects: 0.113500 ms)

AssetImportParameters requested are different than current active one (requested -> active):
  custom:video-decoder-webm-vp8: 9c59270c3fd7afecdb556c50c9e8de78 -> 
  custom:SearchIndexIgnoredProperties: e643bd26f0fe6173181afceb89e7c659 -> 
  custom:audio-encoder-webm-vorbis: bf7c407c2cedff20999df2af8eb42d56 -> 
  custom:AudioImporter_EditorPlatform: d09bf68614088b80899f8185d706f6e7 -> 
  custom:audio-decoder-ogg-vorbis: bf7c407c2cedff20999df2af8eb42d56 -> 
  custom:video-encoder-webm-vp8: eb34c28f22e8b96e1ab97ce403110664 -> 
  custom:container-demuxer-ogg: 62fdf1f143b41e24485cea50d1cbac27 -> 
  custom:framework-win-MediaFoundation: 216162199b28c13a410421893ffa2e32 -> 
  custom:video-decoder-ogg-theora: a1e56fd34408186e4bbccfd4996cb3dc -> 
  custom:container-muxer-webm: aa71ff27fc2769a1b78a27578f13a17b -> 
  custom:CustomObjectIndexerAttribute: 756ad292c208cfabdd7b50bc23989ffe -> 
  custom:container-demuxer-webm: 4f35f7cbe854078d1ac9338744f61a02 -> 
========================================================================
Received Import Request.
  Time since last request: 353046.312119 seconds.
  path: Assets/ProceduralIvy-main/ProceduralIvy-main
  artifactKey: Guid(ca1066a24aeb65e429487810d410172a) Importer(815301076,1909f56bfc062723c751e8b465ee728b)
Start importing Assets/ProceduralIvy-main/ProceduralIvy-main using Guid(ca1066a24aeb65e429487810d410172a) Importer(815301076,1909f56bfc062723c751e8b465ee728b)  -> (artifact id: '5b3d06df569f682ef222202912506bee') in 0.002675 seconds
Number of updated asset objects reloaded before import = 0
Number of asset objects unloaded after import = 0
========================================================================
Received Import Request.
  Time since last request: 0.000032 seconds.
  path: Assets/ProceduralIvy-main/ProceduralIvy-main/ProjectSettings
  artifactKey: Guid(10f24d9d3b3d60042b74d6c42b5e4d1b) Importer(815301076,1909f56bfc062723c751e8b465ee728b)
Start importing Assets/ProceduralIvy-main/ProceduralIvy-main/ProjectSettings using Guid(10f24d9d3b3d60042b74d6c42b5e4d1b) Importer(815301076,1909f56bfc062723c751e8b465ee728b)  -> (artifact id: '05f5680ae393c5df69750989092031cc') in 0.000568 seconds
Number of updated asset objects reloaded before import = 0
Number of asset objects unloaded after import = 0
========================================================================
Received Import Request.
  Time since last request: 0.000071 seconds.
  path: Assets/ProceduralIvy-main/ProceduralIvy-main/UserSettings/EditorUserSettings.asset
  artifactKey: Guid(24be1c0e2aa755f44af943bded6497d6) Importer(815301076,1909f56bfc062723c751e8b465ee728b)
Start importing Assets/ProceduralIvy-main/ProceduralIvy-main/UserSettings/EditorUserSettings.asset using Guid(24be1c0e2aa755f44af943bded6497d6) Importer(815301076,1909f56bfc062723c751e8b465ee728b)  -> (artifact id: 'c96dcfe277a2c6f2eb6090e0c6c58175') in 0.000727 seconds
Number of updated asset objects reloaded before import = 0
Number of asset objects unloaded after import = 0
========================================================================
Received Import Request.
  Time since last request: 0.000032 seconds.
  path: Assets/ProceduralIvy-main
  artifactKey: Guid(edc916d58b2f336448f0874cd328fbdd) Importer(815301076,1909f56bfc062723c751e8b465ee728b)
Start importing Assets/ProceduralIvy-main using Guid(edc916d58b2f336448f0874cd328fbdd) Importer(815301076,1909f56bfc062723c751e8b465ee728b)  -> (artifact id: '00b3468a6ce4e33fc15b64ac8363cc93') in 0.000285 seconds
Number of updated asset objects reloaded before import = 0
Number of asset objects unloaded after import = 0
========================================================================
Received Import Request.
  Time since last request: 1.442262 seconds.
  path: Assets/ProceduralIvy-main/ProceduralIvy-main/ProjectSettings/ClusterInputManager.asset
  artifactKey: Guid(0be7ec745e64f3f44baf8f6359945cb6) Importer(815301076,1909f56bfc062723c751e8b465ee728b)
Start importing Assets/ProceduralIvy-main/ProceduralIvy-main/ProjectSettings/ClusterInputManager.asset using Guid(0be7ec745e64f3f44baf8f6359945cb6) Importer(815301076,1909f56bfc062723c751e8b465ee728b)  -> (artifact id: 'c685fe426dfbb4ab745aff158eb393f9') in 0.000510 seconds
Number of updated asset objects reloaded before import = 0
Number of asset objects unloaded after import = 0
========================================================================
Received Import Request.
  Time since last request: 0.000077 seconds.
  path: Assets/ProceduralIvy-main/ProceduralIvy-main/ProjectSettings/EditorBuildSettings.asset
  artifactKey: Guid(07fbdfe67461c5e42b32ef447e007c29) Importer(815301076,1909f56bfc062723c751e8b465ee728b)
Start importing Assets/ProceduralIvy-main/ProceduralIvy-main/ProjectSettings/EditorBuildSettings.asset using Guid(07fbdfe67461c5e42b32ef447e007c29) Importer(815301076,1909f56bfc062723c751e8b465ee728b)  -> (artifact id: 'e3940c7d33f3c45ab61897b4a27d2da0') in 0.000495 seconds
Number of updated asset objects reloaded before import = 0
Number of asset objects unloaded after import = 0
========================================================================
Received Import Request.
  Time since last request: 0.000780 seconds.
  path: Assets/ProceduralIvy-main/ProceduralIvy-main/ProjectSettings/GraphicsSettings.asset
  artifactKey: Guid(00c5816cda53a7f4184d85579a383cf2) Importer(815301076,1909f56bfc062723c751e8b465ee728b)
Start importing Assets/ProceduralIvy-main/ProceduralIvy-main/ProjectSettings/GraphicsSettings.asset using Guid(00c5816cda53a7f4184d85579a383cf2) Importer(815301076,1909f56bfc062723c751e8b465ee728b)  -> (artifact id: 'ec5d26cb51392c42c8239ac70c42b470') in 0.000632 seconds
Number of updated asset objects reloaded before import = 0
Number of asset objects unloaded after import = 0
========================================================================
Received Import Request.
  Time since last request: 0.000497 seconds.
  path: Assets/ProceduralIvy-main/ProceduralIvy-main/ProjectSettings/NavMeshAreas.asset
  artifactKey: Guid(ef009ddee53540e4489472de392f4150) Importer(815301076,1909f56bfc062723c751e8b465ee728b)
Start importing Assets/ProceduralIvy-main/ProceduralIvy-main/ProjectSettings/NavMeshAreas.asset using Guid(ef009ddee53540e4489472de392f4150) Importer(815301076,1909f56bfc062723c751e8b465ee728b)  -> (artifact id: 'f857592326585f3faeabe640c7901b42') in 0.000501 seconds
Number of updated asset objects reloaded before import = 0
Number of asset objects unloaded after import = 0
========================================================================
Received Import Request.
  Time since last request: 0.000353 seconds.
  path: Assets/ProceduralIvy-main/ProceduralIvy-main/ProjectSettings/Physics2DSettings.asset
  artifactKey: Guid(f34908a7a0c2503479cea6ddfc4b07c0) Importer(815301076,1909f56bfc062723c751e8b465ee728b)
Start importing Assets/ProceduralIvy-main/ProceduralIvy-main/ProjectSettings/Physics2DSettings.asset using Guid(f34908a7a0c2503479cea6ddfc4b07c0) Importer(815301076,1909f56bfc062723c751e8b465ee728b)  -> (artifact id: '242366f1968e894e3950501a15a85415') in 0.000459 seconds
Number of updated asset objects reloaded before import = 0
Number of asset objects unloaded after import = 0
========================================================================
Received Import Request.
  Time since last request: 0.001043 seconds.
  path: Assets/ProceduralIvy-main/ProceduralIvy-main/ProjectSettings/QualitySettings.asset
  artifactKey: Guid(d2c20e5344042664c9c592fdea90a066) Importer(815301076,1909f56bfc062723c751e8b465ee728b)
Start importing Assets/ProceduralIvy-main/ProceduralIvy-main/ProjectSettings/QualitySettings.asset using Guid(d2c20e5344042664c9c592fdea90a066) Importer(815301076,1909f56bfc062723c751e8b465ee728b)  -> (artifact id: '417fefb297356e3e08492f8d14aaad21') in 0.000376 seconds
Number of updated asset objects reloaded before import = 0
Number of asset objects unloaded after import = 0
========================================================================
Received Import Request.
  Time since last request: 0.000666 seconds.
  path: Assets/ProceduralIvy-main/ProceduralIvy-main/ProjectSettings/TimeManager.asset
  artifactKey: Guid(0dc53ce2c45a9494ab3f2066bcde2ca4) Importer(815301076,1909f56bfc062723c751e8b465ee728b)
Start importing Assets/ProceduralIvy-main/ProceduralIvy-main/ProjectSettings/TimeManager.asset using Guid(0dc53ce2c45a9494ab3f2066bcde2ca4) Importer(815301076,1909f56bfc062723c751e8b465ee728b)  -> (artifact id: '9c324456a0195ae2652902b76a292b4a') in 0.000342 seconds
Number of updated asset objects reloaded before import = 0
Number of asset objects unloaded after import = 0
========================================================================
Received Import Request.
  Time since last request: 0.000172 seconds.
  path: Assets/ProceduralIvy-main/ProceduralIvy-main/ProjectSettings/VersionControlSettings.asset
  artifactKey: Guid(c08e0ec8b9668d540897063751ef666a) Importer(815301076,1909f56bfc062723c751e8b465ee728b)
Start importing Assets/ProceduralIvy-main/ProceduralIvy-main/ProjectSettings/VersionControlSettings.asset using Guid(c08e0ec8b9668d540897063751ef666a) Importer(815301076,1909f56bfc062723c751e8b465ee728b)  -> (artifact id: '13ec29d85ae89518f94cbb4ad8a5ed5c') in 0.000319 seconds
Number of updated asset objects reloaded before import = 0
Number of asset objects unloaded after import = 0
========================================================================
Received Prepare
Begin MonoManager ReloadAssembly
C:\build\output\Unity-Technologies\mono\mono\metadata\icall.c:1842:
C:\build\output\Unity-Technologies\mono\mono\metadata\icall.c:1842:
C:\build\output\Unity-Technologies\mono\mono\metadata\icall.c:1842:
C:\build\output\Unity-Technologies\mono\mono\metadata\icall.c:1842:
C:\build\output\Unity-Technologies\mono\mono\metadata\icall.c:1842:
C:\build\output\Unity-Technologies\mono\mono\metadata\icall.c:1842:
C:\build\output\Unity-Technologies\mono\mono\metadata\icall.c:1842:
C:\build\output\Unity-Technologies\mono\mono\metadata\icall.c:1842:
C:\build\output\Unity-Technologies\mono\mono\metadata\icall.c:1842:
C:\build\output\Unity-Technologies\mono\mono\metadata\icall.c:1842:
C:\build\output\Unity-Technologies\mono\mono\metadata\icall.c:1842:
C:\build\output\Unity-Technologies\mono\mono\metadata\icall.c:1842:
Symbol file LoadedFromMemory doesn't match image D:\UnityProjects\VinesTest\Library\PackageCache\com.unity.visualscripting@1.8.0\Editor\VisualScripting.Core\Dependencies\YamlDotNet\Unity.VisualScripting.YamlDotNet.dll
Symbol file LoadedFromMemory doesn't match image D:\UnityProjects\VinesTest\Library\PackageCache\com.unity.visualscripting@1.8.0\Editor\VisualScripting.Core\Dependencies\DotNetZip\Unity.VisualScripting.IonicZip.dll
- Loaded All Assemblies, in  0.717 seconds
Refreshing native plugins compatible for Editor in 1.84 ms, found 3 plugins.
Native extension for WindowsStandalone target not found
Native extension for WebGL target not found
Mono: successfully reloaded assembly
- Finished resetting the current domain, in  0.807 seconds
Domain Reload Profiling: 1522ms
	BeginReloadAssembly (178ms)
		ExecutionOrderSort (0ms)
		DisableScriptedObjects (6ms)
		BackupInstance (0ms)
		ReleaseScriptingObjects (0ms)
		CreateAndSetChildDomain (49ms)
	RebuildCommonClasses (32ms)
	RebuildNativeTypeToScriptingClass (18ms)
	initialDomainReloadingComplete (23ms)
	LoadAllAssembliesAndSetupDomain (464ms)
		LoadAssemblies (247ms)
		RebuildTransferFunctionScriptingTraits (0ms)
		AnalyzeDomain (301ms)
			TypeCache.Refresh (297ms)
				TypeCache.ScanAssembly (285ms)
			ScanForSourceGeneratedMonoScriptInfo (0ms)
			ResolveRequiredComponents (4ms)
	FinalizeReload (808ms)
		ReleaseScriptCaches (0ms)
		RebuildScriptCaches (0ms)
		SetupLoadedEditorAssemblies (374ms)
			LogAssemblyErrors (0ms)
			InitializePlatformSupportModulesInManaged (7ms)
			SetLoadedEditorAssemblies (3ms)
			BeforeProcessingInitializeOnLoad (74ms)
			ProcessInitializeOnLoadAttributes (267ms)
			ProcessInitializeOnLoadMethodAttributes (19ms)
			AfterProcessingInitializeOnLoad (4ms)
			EditorAssembliesLoaded (0ms)
		ExecutionOrderSort2 (0ms)
		AwakeInstancesAfterBackupRestoration (6ms)
Refreshing native plugins compatible for Editor in 2.46 ms, found 3 plugins.
Preloading 0 native plugins for Editor in 0.00 ms.
Unloading 3124 Unused Serialized files (Serialized files now loaded: 0)
Unloading 22 unused Assets / (31.0 KB). Loaded Objects now: 3675.
Memory consumption went from 122.7 MB to 122.7 MB.
Total: 6.002200 ms (FindLiveObjects: 0.389700 ms CreateObjectMapping: 1.044200 ms MarkObjects: 4.486900 ms  DeleteObjects: 0.079900 ms)

Prepare: number of updated asset objects reloaded= 0
AssetImportParameters requested are different than current active one (requested -> active):
  custom:video-decoder-webm-vp8: 9c59270c3fd7afecdb556c50c9e8de78 -> 
  custom:SearchIndexIgnoredProperties: e643bd26f0fe6173181afceb89e7c659 -> 
  custom:audio-encoder-webm-vorbis: bf7c407c2cedff20999df2af8eb42d56 -> 
  custom:AudioImporter_EditorPlatform: d09bf68614088b80899f8185d706f6e7 -> 
  custom:audio-decoder-ogg-vorbis: bf7c407c2cedff20999df2af8eb42d56 -> 
  custom:video-encoder-webm-vp8: eb34c28f22e8b96e1ab97ce403110664 -> 
  custom:container-demuxer-ogg: 62fdf1f143b41e24485cea50d1cbac27 -> 
  custom:framework-win-MediaFoundation: 216162199b28c13a410421893ffa2e32 -> 
  custom:video-decoder-ogg-theora: a1e56fd34408186e4bbccfd4996cb3dc -> 
  custom:container-muxer-webm: aa71ff27fc2769a1b78a27578f13a17b -> 
  custom:CustomObjectIndexerAttribute: 756ad292c208cfabdd7b50bc23989ffe -> 
  custom:container-demuxer-webm: 4f35f7cbe854078d1ac9338744f61a02 -> 
========================================================================
Received Import Request.
  Time since last request: 110.986667 seconds.
  path: Assets/ProceduralIvy-main/ProceduralIvy-main/Assets/Prefabs/Leafs.prefab
  artifactKey: Guid(fb6de8fca1ef3ec4f92cb3f74dec135c) Importer(815301076,1909f56bfc062723c751e8b465ee728b)
Start importing Assets/ProceduralIvy-main/ProceduralIvy-main/Assets/Prefabs/Leafs.prefab using Guid(fb6de8fca1ef3ec4f92cb3f74dec135c) Importer(815301076,1909f56bfc062723c751e8b465ee728b)  -> (artifact id: '9b0f9228a047b12cbaec49321331c492') in 0.211528 seconds
Number of updated asset objects reloaded before import = 0
Number of asset objects unloaded after import = 33
========================================================================
Received Import Request.
  Time since last request: 5.553158 seconds.
  path: Assets/ProceduralIvy-main/ProceduralIvy-main/Assets/Materials/Flower.mat
  artifactKey: Guid(7b5d18c4c78b6764584e27e98d70516f) Importer(815301076,1909f56bfc062723c751e8b465ee728b)
Start importing Assets/ProceduralIvy-main/ProceduralIvy-main/Assets/Materials/Flower.mat using Guid(7b5d18c4c78b6764584e27e98d70516f) Importer(815301076,1909f56bfc062723c751e8b465ee728b)  -> (artifact id: 'a11fbeb1a2d0c50465e22814583842bc') in 0.036854 seconds
Number of updated asset objects reloaded before import = 0
Number of asset objects unloaded after import = 2
========================================================================
Received Import Request.
  Time since last request: 0.000018 seconds.
  path: Assets/ProceduralIvy-main/ProceduralIvy-main/Assets/Materials/Leaf 1.mat
  artifactKey: Guid(886920ab95cd11a4bb3c43c4ff2d7d87) Importer(815301076,1909f56bfc062723c751e8b465ee728b)
Start importing Assets/ProceduralIvy-main/ProceduralIvy-main/Assets/Materials/Leaf 1.mat using Guid(886920ab95cd11a4bb3c43c4ff2d7d87) Importer(815301076,1909f56bfc062723c751e8b465ee728b)  -> (artifact id: '766cdb0071218cde7181e39061394084') in 0.014040 seconds
Number of updated asset objects reloaded before import = 0
Number of asset objects unloaded after import = 2
========================================================================
Received Import Request.
  Time since last request: 0.000018 seconds.
  path: Assets/ProceduralIvy-main/ProceduralIvy-main/Assets/Materials/Ivy.mat
  artifactKey: Guid(662a4a362f0387447b4e25c2241a5f6c) Importer(815301076,1909f56bfc062723c751e8b465ee728b)
Start importing Assets/ProceduralIvy-main/ProceduralIvy-main/Assets/Materials/Ivy.mat using Guid(662a4a362f0387447b4e25c2241a5f6c) Importer(815301076,1909f56bfc062723c751e8b465ee728b)  -> (artifact id: 'd58c7832eb39684e0a594407588a8c3c') in 0.138723 seconds
Number of updated asset objects reloaded before import = 0
Number of asset objects unloaded after import = 2
========================================================================
Received Import Request.
  Time since last request: 0.000016 seconds.
  path: Assets/ProceduralIvy-main/ProceduralIvy-main/Assets/Materials/Ivy 1.mat
  artifactKey: Guid(9e1d1880de24ca4489d719aad3bc7826) Importer(815301076,1909f56bfc062723c751e8b465ee728b)
Start importing Assets/ProceduralIvy-main/ProceduralIvy-main/Assets/Materials/Ivy 1.mat using Guid(9e1d1880de24ca4489d719aad3bc7826) Importer(815301076,1909f56bfc062723c751e8b465ee728b)  -> (artifact id: '5e42e8926c1bac724c262efa45ab1485') in 0.005031 seconds
Number of updated asset objects reloaded before import = 0
Number of asset objects unloaded after import = 2
========================================================================
Received Import Request.
  Time since last request: 0.000021 seconds.
  path: Assets/ProceduralIvy-main/ProceduralIvy-main/Assets/Materials/Leaf.mat
  artifactKey: Guid(900c4a2fff2c96b429a7631b2fdb6606) Importer(815301076,1909f56bfc062723c751e8b465ee728b)
Start importing Assets/ProceduralIvy-main/ProceduralIvy-main/Assets/Materials/Leaf.mat using Guid(900c4a2fff2c96b429a7631b2fdb6606) Importer(815301076,1909f56bfc062723c751e8b465ee728b)  -> (artifact id: '0a3b889b643ddf8be86d9eb4a03cec7c') in 0.004978 seconds
Number of updated asset objects reloaded before import = 0
Number of asset objects unloaded after import = 2
========================================================================
Received Import Request.
  Time since last request: 0.000016 seconds.
  path: Assets/ProceduralIvy-main/ProceduralIvy-main/Assets/Materials/Flower 1.mat
  artifactKey: Guid(2fe0ffa8a1fe8894289bfdca7fc07603) Importer(815301076,1909f56bfc062723c751e8b465ee728b)
Start importing Assets/ProceduralIvy-main/ProceduralIvy-main/Assets/Materials/Flower 1.mat using Guid(2fe0ffa8a1fe8894289bfdca7fc07603) Importer(815301076,1909f56bfc062723c751e8b465ee728b)  -> (artifact id: '16b0caeaea789c3f2fe1552b46410023') in 0.012145 seconds
Number of updated asset objects reloaded before import = 0
Number of asset objects unloaded after import = 2
========================================================================
Received Import Request.
  Time since last request: 0.000012 seconds.
  path: Assets/ProceduralIvy-main/ProceduralIvy-main/Assets/Materials/Leaf 2.mat
  artifactKey: Guid(e581d5b5f0340bc49b2fce7d57f8bbe1) Importer(815301076,1909f56bfc062723c751e8b465ee728b)
Start importing Assets/ProceduralIvy-main/ProceduralIvy-main/Assets/Materials/Leaf 2.mat using Guid(e581d5b5f0340bc49b2fce7d57f8bbe1) Importer(815301076,1909f56bfc062723c751e8b465ee728b)  -> (artifact id: 'f29f07c24265a2f7e1a664bf08f33d9b') in 0.012174 seconds
Number of updated asset objects reloaded before import = 0
Number of asset objects unloaded after import = 2
========================================================================
Received Prepare
Begin MonoManager ReloadAssembly
C:\build\output\Unity-Technologies\mono\mono\metadata\icall.c:1842:
C:\build\output\Unity-Technologies\mono\mono\metadata\icall.c:1842:
C:\build\output\Unity-Technologies\mono\mono\metadata\icall.c:1842:
C:\build\output\Unity-Technologies\mono\mono\metadata\icall.c:1842:
C:\build\output\Unity-Technologies\mono\mono\metadata\icall.c:1842:
C:\build\output\Unity-Technologies\mono\mono\metadata\icall.c:1842:
C:\build\output\Unity-Technologies\mono\mono\metadata\icall.c:1842:
C:\build\output\Unity-Technologies\mono\mono\metadata\icall.c:1842:
C:\build\output\Unity-Technologies\mono\mono\metadata\icall.c:1842:
C:\build\output\Unity-Technologies\mono\mono\metadata\icall.c:1842:
C:\build\output\Unity-Technologies\mono\mono\metadata\icall.c:1842:
C:\build\output\Unity-Technologies\mono\mono\metadata\icall.c:1842:
Symbol file LoadedFromMemory doesn't match image D:\UnityProjects\VinesTest\Library\PackageCache\com.unity.visualscripting@1.8.0\Editor\VisualScripting.Core\Dependencies\YamlDotNet\Unity.VisualScripting.YamlDotNet.dll
Symbol file LoadedFromMemory doesn't match image D:\UnityProjects\VinesTest\Library\PackageCache\com.unity.visualscripting@1.8.0\Editor\VisualScripting.Core\Dependencies\DotNetZip\Unity.VisualScripting.IonicZip.dll
- Loaded All Assemblies, in  0.712 seconds
Refreshing native plugins compatible for Editor in 1.96 ms, found 3 plugins.
Native extension for WindowsStandalone target not found
Native extension for WebGL target not found
Mono: successfully reloaded assembly
- Finished resetting the current domain, in  0.869 seconds
Domain Reload Profiling: 1580ms
	BeginReloadAssembly (168ms)
		ExecutionOrderSort (0ms)
		DisableScriptedObjects (8ms)
		BackupInstance (0ms)
		ReleaseScriptingObjects (0ms)
		CreateAndSetChildDomain (40ms)
	RebuildCommonClasses (31ms)
	RebuildNativeTypeToScriptingClass (12ms)
	initialDomainReloadingComplete (23ms)
	LoadAllAssembliesAndSetupDomain (476ms)
		LoadAssemblies (249ms)
		RebuildTransferFunctionScriptingTraits (0ms)
		AnalyzeDomain (311ms)
			TypeCache.Refresh (304ms)
				TypeCache.ScanAssembly (292ms)
			ScanForSourceGeneratedMonoScriptInfo (0ms)
			ResolveRequiredComponents (7ms)
	FinalizeReload (870ms)
		ReleaseScriptCaches (0ms)
		RebuildScriptCaches (0ms)
		SetupLoadedEditorAssemblies (406ms)
			LogAssemblyErrors (0ms)
			InitializePlatformSupportModulesInManaged (7ms)
			SetLoadedEditorAssemblies (3ms)
			BeforeProcessingInitializeOnLoad (77ms)
			ProcessInitializeOnLoadAttributes (291ms)
			ProcessInitializeOnLoadMethodAttributes (24ms)
			AfterProcessingInitializeOnLoad (4ms)
			EditorAssembliesLoaded (0ms)
		ExecutionOrderSort2 (0ms)
		AwakeInstancesAfterBackupRestoration (8ms)
Refreshing native plugins compatible for Editor in 1.77 ms, found 3 plugins.
Preloading 0 native plugins for Editor in 0.00 ms.
Unloading 3124 Unused Serialized files (Serialized files now loaded: 0)
Unloading 22 unused Assets / (31.0 KB). Loaded Objects now: 3716.
Memory consumption went from 123.1 MB to 123.1 MB.
Total: 3.541300 ms (FindLiveObjects: 0.242900 ms CreateObjectMapping: 0.243200 ms MarkObjects: 2.972300 ms  DeleteObjects: 0.081900 ms)

Prepare: number of updated asset objects reloaded= 0
AssetImportParameters requested are different than current active one (requested -> active):
  custom:video-decoder-webm-vp8: 9c59270c3fd7afecdb556c50c9e8de78 -> 
  custom:SearchIndexIgnoredProperties: e643bd26f0fe6173181afceb89e7c659 -> 
  custom:audio-encoder-webm-vorbis: bf7c407c2cedff20999df2af8eb42d56 -> 
  custom:AudioImporter_EditorPlatform: d09bf68614088b80899f8185d706f6e7 -> 
  custom:audio-decoder-ogg-vorbis: bf7c407c2cedff20999df2af8eb42d56 -> 
  custom:video-encoder-webm-vp8: eb34c28f22e8b96e1ab97ce403110664 -> 
  custom:container-demuxer-ogg: 62fdf1f143b41e24485cea50d1cbac27 -> 
  custom:framework-win-MediaFoundation: 216162199b28c13a410421893ffa2e32 -> 
  custom:video-decoder-ogg-theora: a1e56fd34408186e4bbccfd4996cb3dc -> 
  custom:container-muxer-webm: aa71ff27fc2769a1b78a27578f13a17b -> 
  custom:CustomObjectIndexerAttribute: 756ad292c208cfabdd7b50bc23989ffe -> 
  custom:container-demuxer-webm: 4f35f7cbe854078d1ac9338744f61a02 -> 
Editor requested this worker to shutdown with reason: Scaling down because of idle timeout
AssetImportWorker is now disconnected from the server
Process exiting
Exiting without the bug reporter. Application will terminate with return code 0